<?xml version="1.0" encoding="UTF-8"?>
<!-- Generated by org.testng.reporters.JUnitXMLReporter -->
<testsuite hostname="dhcp-91.fluid.com" name="testHomeSubcat" tests="8" failures="4" timestamp="15 Nov 2013 01:26:16 GMT" time="148.803" errors="0">
  <testcase name="testHomeSubcat" time="70.167" classname="Nautica.TestNauticaCommon">
    <failure type="org.openqa.selenium.WebDriverException" message="unknown error: Element is not clickable at point (1161, 488). Other element would receive the click: &amp;lt;div id=&amp;quot;cloud-zoom-big&amp;quot; class=&amp;quot;cloud-zoom-big&amp;quot; style=&amp;quot;position: absolute; left: 0px; top: 0px; width: 386px; height: 550px; background-image: url(http://cdn.fluidretail.net/customers/c1500/185841/185841_pdp/zoom_variation_103_view_A_2192x2200.jpg); z-index: 99; background-position: -1804px -735px;&amp;quot;&amp;gt;&amp;lt;/div&amp;gt;
  (Session info: chrome=31.0.1650.57)
  (Driver info: chromedriver=2.6.232908,platform=Mac OS X 10.7.5 x86_64) (WARNING: The server did not provide any stacktrace information)
Command duration or timeout: 25 milliseconds
Build info: version: &amp;apos;2.37.0&amp;apos;, revision: &amp;apos;a7c61cb&amp;apos;, time: &amp;apos;2013-10-18 17:15:02&amp;apos;
System info: host: &amp;apos;dhcp-91.fluid.com&amp;apos;, ip: &amp;apos;75.101.110.91&amp;apos;, os.name: &amp;apos;Mac OS X&amp;apos;, os.arch: &amp;apos;x86_64&amp;apos;, os.version: &amp;apos;10.7.5&amp;apos;, java.version: &amp;apos;1.7.0_25&amp;apos;
Session ID: 631ebb4eec0a15f3116f2dcc1eed604d
Driver info: org.openqa.selenium.chrome.ChromeDriver
Capabilities [{platform=MAC, acceptSslCerts=true, javascriptEnabled=true, browserName=chrome, chrome={userDataDir=/var/folders/_2/pb85wgk175l660128q0hftvh0000gp/T/.org.chromium.Chromium.lbTfJ0}, rotatable=false, locationContextEnabled=true, version=31.0.1650.57, takesHeapSnapshot=true, cssSelectorsEnabled=true, databaseEnabled=false, handlesAlerts=true, browserConnectionEnabled=false, webStorageEnabled=true, nativeEvents=true, applicationCacheEnabled=false, takesScreenshot=true}]">
      <![CDATA[org.openqa.selenium.WebDriverException: unknown error: Element is not clickable at point (1161, 488). Other element would receive the click: <div id="cloud-zoom-big" class="cloud-zoom-big" style="position: absolute; left: 0px; top: 0px; width: 386px; height: 550px; background-image: url(http://cdn.fluidretail.net/customers/c1500/185841/185841_pdp/zoom_variation_103_view_A_2192x2200.jpg); z-index: 99; background-position: -1804px -735px;"></div>
  (Session info: chrome=31.0.1650.57)
  (Driver info: chromedriver=2.6.232908,platform=Mac OS X 10.7.5 x86_64) (WARNING: The server did not provide any stacktrace information)
Command duration or timeout: 25 milliseconds
Build info: version: '2.37.0', revision: 'a7c61cb', time: '2013-10-18 17:15:02'
System info: host: 'dhcp-91.fluid.com', ip: '75.101.110.91', os.name: 'Mac OS X', os.arch: 'x86_64', os.version: '10.7.5', java.version: '1.7.0_25'
Session ID: 631ebb4eec0a15f3116f2dcc1eed604d
Driver info: org.openqa.selenium.chrome.ChromeDriver
Capabilities [{platform=MAC, acceptSslCerts=true, javascriptEnabled=true, browserName=chrome, chrome={userDataDir=/var/folders/_2/pb85wgk175l660128q0hftvh0000gp/T/.org.chromium.Chromium.lbTfJ0}, rotatable=false, locationContextEnabled=true, version=31.0.1650.57, takesHeapSnapshot=true, cssSelectorsEnabled=true, databaseEnabled=false, handlesAlerts=true, browserConnectionEnabled=false, webStorageEnabled=true, nativeEvents=true, applicationCacheEnabled=false, takesScreenshot=true}]
	at org.openqa.selenium.remote.ErrorHandler.createThrowable(ErrorHandler.java:193)
	at org.openqa.selenium.remote.ErrorHandler.throwIfResponseFailed(ErrorHandler.java:145)
	at org.openqa.selenium.remote.RemoteWebDriver.execute(RemoteWebDriver.java:554)
	at org.openqa.selenium.remote.RemoteWebElement.execute(RemoteWebElement.java:268)
	at org.openqa.selenium.remote.RemoteWebElement.click(RemoteWebElement.java:79)
	at Nautica.NauticaCommon.selectQuantityOnPDP(NauticaCommon.java:669)
	at Nautica.TestNauticaCommon.testHomeSubcat(TestNauticaCommon.java:110)
... Removed 28 stack frames]]>
    </failure>
  </testcase> <!-- testHomeSubcat -->
  <testcase name="testKidsSubcat" time="41.315" classname="Nautica.TestNauticaCommon"/>
  <testcase name="testListAllSubcat" time="1.067" classname="Nautica.TestNauticaCommon"/>
  <testcase name="testMenSubcat" time="10.836" classname="Nautica.TestNauticaCommon"/>
  <testcase name="testPDPswatch" time="16.854" classname="Nautica.TestNauticaCommon"/>
  <testcase name="testSaleSubcat" time="0.228" classname="Nautica.TestNauticaCommon">
    <failure type="org.openqa.selenium.ElementNotVisibleException" message="Element is not currently visible and so may not be interacted with
Command duration or timeout: 29 milliseconds
Build info: version: &amp;apos;2.37.0&amp;apos;, revision: &amp;apos;a7c61cb&amp;apos;, time: &amp;apos;2013-10-18 17:15:02&amp;apos;
System info: host: &amp;apos;dhcp-91.fluid.com&amp;apos;, ip: &amp;apos;75.101.110.91&amp;apos;, os.name: &amp;apos;Mac OS X&amp;apos;, os.arch: &amp;apos;x86_64&amp;apos;, os.version: &amp;apos;10.7.5&amp;apos;, java.version: &amp;apos;1.7.0_25&amp;apos;
Session ID: 53da8ca3-75d3-5f4c-8db8-974aa9ef82a4
Driver info: org.openqa.selenium.firefox.FirefoxDriver
Capabilities [{platform=MAC, databaseEnabled=true, cssSelectorsEnabled=true, javascriptEnabled=true, acceptSslCerts=true, handlesAlerts=true, browserName=firefox, browserConnectionEnabled=true, nativeEvents=false, webStorageEnabled=true, rotatable=false, locationContextEnabled=true, applicationCacheEnabled=true, takesScreenshot=true, version=24.0}]">
      <![CDATA[org.openqa.selenium.ElementNotVisibleException: Element is not currently visible and so may not be interacted with
Command duration or timeout: 29 milliseconds
Build info: version: '2.37.0', revision: 'a7c61cb', time: '2013-10-18 17:15:02'
System info: host: 'dhcp-91.fluid.com', ip: '75.101.110.91', os.name: 'Mac OS X', os.arch: 'x86_64', os.version: '10.7.5', java.version: '1.7.0_25'
Session ID: 53da8ca3-75d3-5f4c-8db8-974aa9ef82a4
Driver info: org.openqa.selenium.firefox.FirefoxDriver
Capabilities [{platform=MAC, databaseEnabled=true, cssSelectorsEnabled=true, javascriptEnabled=true, acceptSslCerts=true, handlesAlerts=true, browserName=firefox, browserConnectionEnabled=true, nativeEvents=false, webStorageEnabled=true, rotatable=false, locationContextEnabled=true, applicationCacheEnabled=true, takesScreenshot=true, version=24.0}]
	at org.openqa.selenium.remote.ErrorHandler.createThrowable(ErrorHandler.java:193)
	at org.openqa.selenium.remote.ErrorHandler.throwIfResponseFailed(ErrorHandler.java:145)
	at org.openqa.selenium.remote.RemoteWebDriver.execute(RemoteWebDriver.java:554)
	at org.openqa.selenium.remote.RemoteWebElement.execute(RemoteWebElement.java:268)
	at org.openqa.selenium.remote.RemoteWebElement.click(RemoteWebElement.java:79)
	at Nautica.NauticaCommon.saleSubcat(NauticaCommon.java:487)
	at Nautica.TestNauticaCommon.testSaleSubcat(TestNauticaCommon.java:149)
Caused by: org.openqa.selenium.remote.ErrorHandler$UnknownServerException: Element is not currently visible and so may not be interacted with
Build info: version: '2.37.0', revision: 'a7c61cb', time: '2013-10-18 17:15:02'
System info: host: 'dhcp-91.fluid.com', ip: '75.101.110.91', os.name: 'Mac OS X', os.arch: 'x86_64', os.version: '10.7.5', java.version: '1.7.0_25'
Driver info: driver.version: unknown
	at <anonymous class>.fxdriver.preconditions.visible(file:///var/folders/_2/pb85wgk175l660128q0hftvh0000gp/T/anonymous1206249548438386587webdriver-profile/extensions/fxdriver@googlecode.com/components/command_processor.js:8210)
	at <anonymous class>.DelayedCommand.prototype.checkPreconditions_(file:///var/folders/_2/pb85wgk175l660128q0hftvh0000gp/T/anonymous1206249548438386587webdriver-profile/extensions/fxdriver@googlecode.com/components/command_processor.js:10827)
	at <anonymous class>.DelayedCommand.prototype.executeInternal_/h(file:///var/folders/_2/pb85wgk175l660128q0hftvh0000gp/T/anonymous1206249548438386587webdriver-profile/extensions/fxdriver@googlecode.com/components/command_processor.js:10844)
	at <anonymous class>.DelayedCommand.prototype.executeInternal_(file:///var/folders/_2/pb85wgk175l660128q0hftvh0000gp/T/anonymous1206249548438386587webdriver-profile/extensions/fxdriver@googlecode.com/components/command_processor.js:10849)
	at <anonymous class>.DelayedCommand.prototype.execute/<(file:///var/folders/_2/pb85wgk175l660128q0hftvh0000gp/T/anonymous1206249548438386587webdriver-profile/extensions/fxdriver@googlecode.com/components/command_processor.js:10791)
... Removed 28 stack frames]]>
    </failure>
  </testcase> <!-- testSaleSubcat -->
  <testcase name="testWatchesSubcat" time="0.273" classname="Nautica.TestNauticaCommon">
    <failure type="org.openqa.selenium.NoSuchElementException" message="Unable to locate element: {&amp;quot;method&amp;quot;:&amp;quot;xpath&amp;quot;,&amp;quot;selector&amp;quot;:&amp;quot;.//*[@id=&amp;apos;navigation-menu&amp;apos;]/li[5]/div/div[2]/ul&amp;quot;}
Command duration or timeout: 9 milliseconds
For documentation on this error, please visit: http://seleniumhq.org/exceptions/no_such_element.html
Build info: version: &amp;apos;2.37.0&amp;apos;, revision: &amp;apos;a7c61cb&amp;apos;, time: &amp;apos;2013-10-18 17:15:02&amp;apos;
System info: host: &amp;apos;dhcp-91.fluid.com&amp;apos;, ip: &amp;apos;75.101.110.91&amp;apos;, os.name: &amp;apos;Mac OS X&amp;apos;, os.arch: &amp;apos;x86_64&amp;apos;, os.version: &amp;apos;10.7.5&amp;apos;, java.version: &amp;apos;1.7.0_25&amp;apos;
Session ID: 53da8ca3-75d3-5f4c-8db8-974aa9ef82a4
Driver info: org.openqa.selenium.firefox.FirefoxDriver
Capabilities [{platform=MAC, databaseEnabled=true, cssSelectorsEnabled=true, javascriptEnabled=true, acceptSslCerts=true, handlesAlerts=true, browserName=firefox, browserConnectionEnabled=true, nativeEvents=false, webStorageEnabled=true, rotatable=false, locationContextEnabled=true, applicationCacheEnabled=true, takesScreenshot=true, version=24.0}]">
      <![CDATA[org.openqa.selenium.NoSuchElementException: Unable to locate element: {"method":"xpath","selector":".//*[@id='navigation-menu']/li[5]/div/div[2]/ul"}
Command duration or timeout: 9 milliseconds
For documentation on this error, please visit: http://seleniumhq.org/exceptions/no_such_element.html
Build info: version: '2.37.0', revision: 'a7c61cb', time: '2013-10-18 17:15:02'
System info: host: 'dhcp-91.fluid.com', ip: '75.101.110.91', os.name: 'Mac OS X', os.arch: 'x86_64', os.version: '10.7.5', java.version: '1.7.0_25'
Session ID: 53da8ca3-75d3-5f4c-8db8-974aa9ef82a4
Driver info: org.openqa.selenium.firefox.FirefoxDriver
Capabilities [{platform=MAC, databaseEnabled=true, cssSelectorsEnabled=true, javascriptEnabled=true, acceptSslCerts=true, handlesAlerts=true, browserName=firefox, browserConnectionEnabled=true, nativeEvents=false, webStorageEnabled=true, rotatable=false, locationContextEnabled=true, applicationCacheEnabled=true, takesScreenshot=true, version=24.0}]
	at org.openqa.selenium.remote.ErrorHandler.createThrowable(ErrorHandler.java:193)
	at org.openqa.selenium.remote.ErrorHandler.throwIfResponseFailed(ErrorHandler.java:145)
	at org.openqa.selenium.remote.RemoteWebDriver.execute(RemoteWebDriver.java:554)
	at org.openqa.selenium.remote.RemoteWebDriver.findElement(RemoteWebDriver.java:307)
	at org.openqa.selenium.remote.RemoteWebDriver.findElementByXPath(RemoteWebDriver.java:404)
	at org.openqa.selenium.By$ByXPath.findElement(By.java:363)
	at org.openqa.selenium.remote.RemoteWebDriver.findElement(RemoteWebDriver.java:299)
	at Nautica.NauticaCommon.watchesSubcat(NauticaCommon.java:413)
	at Nautica.TestNauticaCommon.testWatchesSubcat(TestNauticaCommon.java:135)
Caused by: org.openqa.selenium.remote.ErrorHandler$UnknownServerException: Unable to locate element: {"method":"xpath","selector":".//*[@id='navigation-menu']/li[5]/div/div[2]/ul"}
Build info: version: '2.37.0', revision: 'a7c61cb', time: '2013-10-18 17:15:02'
System info: host: 'dhcp-91.fluid.com', ip: '75.101.110.91', os.name: 'Mac OS X', os.arch: 'x86_64', os.version: '10.7.5', java.version: '1.7.0_25'
Driver info: driver.version: unknown
	at <anonymous class>.FirefoxDriver.prototype.findElementInternal_(file:///var/folders/_2/pb85wgk175l660128q0hftvh0000gp/T/anonymous1206249548438386587webdriver-profile/extensions/fxdriver@googlecode.com/components/driver_component.js:8891)
	at <anonymous class>.FirefoxDriver.prototype.findElement(file:///var/folders/_2/pb85wgk175l660128q0hftvh0000gp/T/anonymous1206249548438386587webdriver-profile/extensions/fxdriver@googlecode.com/components/driver_component.js:8900)
	at <anonymous class>.DelayedCommand.prototype.executeInternal_/h(file:///var/folders/_2/pb85wgk175l660128q0hftvh0000gp/T/anonymous1206249548438386587webdriver-profile/extensions/fxdriver@googlecode.com/components/command_processor.js:10844)
	at <anonymous class>.DelayedCommand.prototype.executeInternal_(file:///var/folders/_2/pb85wgk175l660128q0hftvh0000gp/T/anonymous1206249548438386587webdriver-profile/extensions/fxdriver@googlecode.com/components/command_processor.js:10849)
	at <anonymous class>.DelayedCommand.prototype.execute/<(file:///var/folders/_2/pb85wgk175l660128q0hftvh0000gp/T/anonymous1206249548438386587webdriver-profile/extensions/fxdriver@googlecode.com/components/command_processor.js:10791)
... Removed 28 stack frames]]>
    </failure>
  </testcase> <!-- testWatchesSubcat -->
  <testcase name="testWomenSubcat" time="4.002" classname="Nautica.TestNauticaCommon">
    <failure type="java.lang.IndexOutOfBoundsException" message="Index: 4, Size: 0">
      <![CDATA[java.lang.IndexOutOfBoundsException: Index: 4, Size: 0
	at java.util.ArrayList.rangeCheck(ArrayList.java:604)
	at java.util.ArrayList.get(ArrayList.java:382)
	at Nautica.NauticaCommon.subCategorySelected(NauticaCommon.java:503)
	at Nautica.TestNauticaCommon.testWomenSubcat(TestNauticaCommon.java:92)
... Removed 24 stack frames]]>
    </failure>
  </testcase> <!-- testWomenSubcat -->
</testsuite> <!-- testHomeSubcat -->
