<?xml version="1.0" encoding="UTF-8"?>
<testng-results skipped="0" failed="2" total="5" passed="3">
  <reporter-output>
    <line>
      <![CDATA[Currently testing URL: http://www.kipling-usa.com/]]>
    </line>
    <line>
      <![CDATA[Using Firefox browser version 24]]>
    </line>
    <line>
      <![CDATA[Screenshot taken at 2013-Nov-24-23hr-41min-18 sec-81mls]]>
    </line>
    <line>
      <![CDATA[<img src="file:////Users/igonzalez/Desktop/WORKING_WITH_ECLIPSE/Fluid//target/screenshots/2013-Nov-24-23hr-41min-18 sec-81mls.png" alt=""/><br/>]]>
    </line>
    <line>
      <![CDATA[Using Firefox browser version 24]]>
    </line>
    <line>
      <![CDATA[Screenshot taken at 2013-Nov-24-23hr-41min-29 sec-115mls]]>
    </line>
    <line>
      <![CDATA[<img src="file:////Users/igonzalez/Desktop/WORKING_WITH_ECLIPSE/Fluid//target/screenshots/2013-Nov-24-23hr-41min-29 sec-115mls.png" alt=""/><br/>]]>
    </line>
  </reporter-output>
  <suite name="Default suite" duration-ms="61135" started-at="2013-11-25T07:41:04Z" finished-at="2013-11-25T07:42:05Z">
    <groups>
    </groups>
    <test name="Default test" duration-ms="61135" started-at="2013-11-25T07:41:04Z" finished-at="2013-11-25T07:42:05Z">
      <class name="CheckoutUSA">
        <test-method status="PASS" signature="setUp()[pri:0, instance:CheckoutUSA@562e5771]" name="setUp" is-config="true" duration-ms="20796" started-at="2013-11-24T23:40:43Z" finished-at="2013-11-24T23:41:04Z">
          <reporter-output>
            <line>
              <![CDATA[Currently testing URL: http://www.kipling-usa.com/]]>
            </line>
          </reporter-output>
        </test-method> <!-- setUp -->
        <test-method status="PASS" signature="testCheckoutUSA()[pri:0, instance:CheckoutUSA@562e5771]" name="testCheckoutUSA" duration-ms="13480" started-at="2013-11-24T23:41:04Z" finished-at="2013-11-24T23:41:17Z">
          <reporter-output>
          </reporter-output>
        </test-method> <!-- testCheckoutUSA -->
        <test-method status="PASS" signature="testCartPage()[pri:0, instance:CheckoutUSA@562e5771]" name="testCartPage" duration-ms="8565" started-at="2013-11-24T23:41:17Z" finished-at="2013-11-24T23:41:26Z">
          <reporter-output>
            <line>
              <![CDATA[Using Firefox browser version 24]]>
            </line>
            <line>
              <![CDATA[Screenshot taken at 2013-Nov-24-23hr-41min-18 sec-81mls]]>
            </line>
            <line>
              <![CDATA[<img src="file:////Users/igonzalez/Desktop/WORKING_WITH_ECLIPSE/Fluid//target/screenshots/2013-Nov-24-23hr-41min-18 sec-81mls.png" alt=""/><br/>]]>
            </line>
          </reporter-output>
        </test-method> <!-- testCartPage -->
        <test-method status="PASS" signature="testcheckoutInterceptPage()[pri:0, instance:CheckoutUSA@562e5771]" name="testcheckoutInterceptPage" duration-ms="6887" started-at="2013-11-24T23:41:26Z" finished-at="2013-11-24T23:41:33Z">
          <reporter-output>
            <line>
              <![CDATA[Using Firefox browser version 24]]>
            </line>
            <line>
              <![CDATA[Screenshot taken at 2013-Nov-24-23hr-41min-29 sec-115mls]]>
            </line>
            <line>
              <![CDATA[<img src="file:////Users/igonzalez/Desktop/WORKING_WITH_ECLIPSE/Fluid//target/screenshots/2013-Nov-24-23hr-41min-29 sec-115mls.png" alt=""/><br/>]]>
            </line>
          </reporter-output>
        </test-method> <!-- testcheckoutInterceptPage -->
        <test-method status="FAIL" signature="changeCountry()[pri:0, instance:CheckoutUSA@562e5771]" name="changeCountry" duration-ms="1121" started-at="2013-11-24T23:41:33Z" finished-at="2013-11-24T23:41:34Z">
          <exception class="java.lang.NullPointerException">
            <full-stacktrace>
              <![CDATA[java.lang.NullPointerException
	at CheckoutUSA.changeCountry(CheckoutUSA.java:105)
	at sun.reflect.NativeMethodAccessorImpl.invoke0(Native Method)
	at sun.reflect.NativeMethodAccessorImpl.invoke(NativeMethodAccessorImpl.java:57)
	at sun.reflect.DelegatingMethodAccessorImpl.invoke(DelegatingMethodAccessorImpl.java:43)
	at java.lang.reflect.Method.invoke(Method.java:606)
	at org.testng.internal.MethodInvocationHelper.invokeMethod(MethodInvocationHelper.java:84)
	at org.testng.internal.Invoker.invokeMethod(Invoker.java:714)
	at org.testng.internal.Invoker.invokeTestMethod(Invoker.java:901)
	at org.testng.internal.Invoker.invokeTestMethods(Invoker.java:1231)
	at org.testng.internal.TestMethodWorker.invokeTestMethods(TestMethodWorker.java:127)
	at org.testng.internal.TestMethodWorker.run(TestMethodWorker.java:111)
	at org.testng.TestRunner.privateRun(TestRunner.java:767)
	at org.testng.TestRunner.run(TestRunner.java:617)
	at org.testng.SuiteRunner.runTest(SuiteRunner.java:334)
	at org.testng.SuiteRunner.runSequentially(SuiteRunner.java:329)
	at org.testng.SuiteRunner.privateRun(SuiteRunner.java:291)
	at org.testng.SuiteRunner.run(SuiteRunner.java:240)
	at org.testng.SuiteRunnerWorker.runSuite(SuiteRunnerWorker.java:52)
	at org.testng.SuiteRunnerWorker.run(SuiteRunnerWorker.java:86)
	at org.testng.TestNG.runSuitesSequentially(TestNG.java:1224)
	at org.testng.TestNG.runSuitesLocally(TestNG.java:1149)
	at org.testng.TestNG.run(TestNG.java:1057)
	at org.testng.remote.RemoteTestNG.run(RemoteTestNG.java:111)
	at org.testng.remote.RemoteTestNG.initAndRun(RemoteTestNG.java:204)
	at org.testng.remote.RemoteTestNG.main(RemoteTestNG.java:175)
]]>
            </full-stacktrace>
          </exception> <!-- java.lang.NullPointerException -->
          <reporter-output>
          </reporter-output>
        </test-method> <!-- changeCountry -->
        <test-method status="FAIL" signature="checkout()[pri:0, instance:CheckoutUSA@562e5771]" name="checkout" duration-ms="30977" started-at="2013-11-24T23:41:34Z" finished-at="2013-11-24T23:42:05Z">
          <exception class="org.openqa.selenium.StaleElementReferenceException">
            <message>
              <![CDATA[Element not found in the cache - perhaps the page has changed since it was looked up
Command duration or timeout: 30.04 seconds
For documentation on this error, please visit: http://seleniumhq.org/exceptions/stale_element_reference.html
Build info: version: '2.37.0', revision: 'a7c61cb', time: '2013-10-18 17:15:02'
System info: host: 'N/A', ip: 'N/A', os.name: 'Mac OS X', os.arch: 'x86_64', os.version: '10.7.5', java.version: '1.7.0_25'
Session ID: 7a942217-c3a5-0a49-aae7-4547819bc348
Driver info: org.openqa.selenium.firefox.FirefoxDriver
Capabilities [{platform=MAC, databaseEnabled=true, cssSelectorsEnabled=true, javascriptEnabled=true, acceptSslCerts=true, handlesAlerts=true, browserName=firefox, browserConnectionEnabled=true, nativeEvents=false, webStorageEnabled=true, rotatable=false, locationContextEnabled=true, applicationCacheEnabled=true, takesScreenshot=true, version=24.0}]]]>
            </message>
            <full-stacktrace>
              <![CDATA[org.openqa.selenium.StaleElementReferenceException: Element not found in the cache - perhaps the page has changed since it was looked up
Command duration or timeout: 30.04 seconds
For documentation on this error, please visit: http://seleniumhq.org/exceptions/stale_element_reference.html
Build info: version: '2.37.0', revision: 'a7c61cb', time: '2013-10-18 17:15:02'
System info: host: 'N/A', ip: 'N/A', os.name: 'Mac OS X', os.arch: 'x86_64', os.version: '10.7.5', java.version: '1.7.0_25'
Session ID: 7a942217-c3a5-0a49-aae7-4547819bc348
Driver info: org.openqa.selenium.firefox.FirefoxDriver
Capabilities [{platform=MAC, databaseEnabled=true, cssSelectorsEnabled=true, javascriptEnabled=true, acceptSslCerts=true, handlesAlerts=true, browserName=firefox, browserConnectionEnabled=true, nativeEvents=false, webStorageEnabled=true, rotatable=false, locationContextEnabled=true, applicationCacheEnabled=true, takesScreenshot=true, version=24.0}]
	at sun.reflect.NativeConstructorAccessorImpl.newInstance0(Native Method)
	at sun.reflect.NativeConstructorAccessorImpl.newInstance(NativeConstructorAccessorImpl.java:57)
	at sun.reflect.DelegatingConstructorAccessorImpl.newInstance(DelegatingConstructorAccessorImpl.java:45)
	at java.lang.reflect.Constructor.newInstance(Constructor.java:526)
	at org.openqa.selenium.remote.ErrorHandler.createThrowable(ErrorHandler.java:193)
	at org.openqa.selenium.remote.ErrorHandler.throwIfResponseFailed(ErrorHandler.java:145)
	at org.openqa.selenium.remote.RemoteWebDriver.execute(RemoteWebDriver.java:554)
	at org.openqa.selenium.remote.RemoteWebElement.execute(RemoteWebElement.java:268)
	at org.openqa.selenium.remote.RemoteWebElement.click(RemoteWebElement.java:79)
	at CheckoutUSA.checkout(CheckoutUSA.java:132)
	at sun.reflect.NativeMethodAccessorImpl.invoke0(Native Method)
	at sun.reflect.NativeMethodAccessorImpl.invoke(NativeMethodAccessorImpl.java:57)
	at sun.reflect.DelegatingMethodAccessorImpl.invoke(DelegatingMethodAccessorImpl.java:43)
	at java.lang.reflect.Method.invoke(Method.java:606)
	at org.testng.internal.MethodInvocationHelper.invokeMethod(MethodInvocationHelper.java:84)
	at org.testng.internal.Invoker.invokeMethod(Invoker.java:714)
	at org.testng.internal.Invoker.invokeTestMethod(Invoker.java:901)
	at org.testng.internal.Invoker.invokeTestMethods(Invoker.java:1231)
	at org.testng.internal.TestMethodWorker.invokeTestMethods(TestMethodWorker.java:127)
	at org.testng.internal.TestMethodWorker.run(TestMethodWorker.java:111)
	at org.testng.TestRunner.privateRun(TestRunner.java:767)
	at org.testng.TestRunner.run(TestRunner.java:617)
	at org.testng.SuiteRunner.runTest(SuiteRunner.java:334)
	at org.testng.SuiteRunner.runSequentially(SuiteRunner.java:329)
	at org.testng.SuiteRunner.privateRun(SuiteRunner.java:291)
	at org.testng.SuiteRunner.run(SuiteRunner.java:240)
	at org.testng.SuiteRunnerWorker.runSuite(SuiteRunnerWorker.java:52)
	at org.testng.SuiteRunnerWorker.run(SuiteRunnerWorker.java:86)
	at org.testng.TestNG.runSuitesSequentially(TestNG.java:1224)
	at org.testng.TestNG.runSuitesLocally(TestNG.java:1149)
	at org.testng.TestNG.run(TestNG.java:1057)
	at org.testng.remote.RemoteTestNG.run(RemoteTestNG.java:111)
	at org.testng.remote.RemoteTestNG.initAndRun(RemoteTestNG.java:204)
	at org.testng.remote.RemoteTestNG.main(RemoteTestNG.java:175)
Caused by: org.openqa.selenium.remote.ErrorHandler$UnknownServerException: Element not found in the cache - perhaps the page has changed since it was looked up
Build info: version: '2.37.0', revision: 'a7c61cb', time: '2013-10-18 17:15:02'
System info: host: 'N/A', ip: 'N/A', os.name: 'Mac OS X', os.arch: 'x86_64', os.version: '10.7.5', java.version: '1.7.0_25'
Driver info: driver.version: unknown
	at <anonymous class>.fxdriver.cache.getElementAt(resource://fxdriver/modules/web_element_cache.js:7615)
	at <anonymous class>.Utils.getElementAt(file:///var/folders/_2/pb85wgk175l660128q0hftvh0000gp/T/anonymous7935832395264075360webdriver-profile/extensions/fxdriver@googlecode.com/components/command_processor.js:7233)
	at <anonymous class>.fxdriver.preconditions.visible(file:///var/folders/_2/pb85wgk175l660128q0hftvh0000gp/T/anonymous7935832395264075360webdriver-profile/extensions/fxdriver@googlecode.com/components/command_processor.js:8208)
	at <anonymous class>.DelayedCommand.prototype.checkPreconditions_(file:///var/folders/_2/pb85wgk175l660128q0hftvh0000gp/T/anonymous7935832395264075360webdriver-profile/extensions/fxdriver@googlecode.com/components/command_processor.js:10827)
	at <anonymous class>.DelayedCommand.prototype.executeInternal_/h(file:///var/folders/_2/pb85wgk175l660128q0hftvh0000gp/T/anonymous7935832395264075360webdriver-profile/extensions/fxdriver@googlecode.com/components/command_processor.js:10844)
	at <anonymous class>.fxdriver.Timer.prototype.setTimeout/<.notify(file:///var/folders/_2/pb85wgk175l660128q0hftvh0000gp/T/anonymous7935832395264075360webdriver-profile/extensions/fxdriver@googlecode.com/components/command_processor.js:396)
]]>
            </full-stacktrace>
          </exception> <!-- org.openqa.selenium.StaleElementReferenceException -->
          <reporter-output>
          </reporter-output>
        </test-method> <!-- checkout -->
        <test-method status="PASS" signature="tearDown()[pri:0, instance:CheckoutUSA@562e5771]" name="tearDown" is-config="true" duration-ms="135" started-at="2013-11-24T23:42:05Z" finished-at="2013-11-24T23:42:05Z">
          <reporter-output>
          </reporter-output>
        </test-method> <!-- tearDown -->
      </class> <!-- CheckoutUSA -->
    </test> <!-- Default test -->
  </suite> <!-- Default suite -->
</testng-results>
