<html>
<head>
<title>TestNG:  testHomeSubcat</title>
<link href="../testng.css" rel="stylesheet" type="text/css" />
<link href="../my-testng.css" rel="stylesheet" type="text/css" />

<style type="text/css">
.log { display: none;} 
.stack-trace { display: none;} 
</style>
<script type="text/javascript">
<!--
function flip(e) {
  current = e.style.display;
  if (current == 'block') {
    e.style.display = 'none';
    return 0;
  }
  else {
    e.style.display = 'block';
    return 1;
  }
}

function toggleBox(szDivId, elem, msg1, msg2)
{
  var res = -1;  if (document.getElementById) {
    res = flip(document.getElementById(szDivId));
  }
  else if (document.all) {
    // this is the way old msie versions work
    res = flip(document.all[szDivId]);
  }
  if(elem) {
    if(res == 0) elem.innerHTML = msg1; else elem.innerHTML = msg2;
  }

}

function toggleAllBoxes() {
  if (document.getElementsByTagName) {
    d = document.getElementsByTagName('div');
    for (i = 0; i < d.length; i++) {
      if (d[i].className == 'log') {
        flip(d[i]);
      }
    }
  }
}

// -->
</script>

</head>
<body>
<h2 align='center'>testHomeSubcat</h2><table border='1' align="center">
<tr>
<td>Tests passed/Failed/Skipped:</td><td>4/4/0</td>
</tr><tr>
<td>Started on:</td><td>Fri Nov 15 08:49:25 PST 2013</td>
</tr>
<tr><td>Total time:</td><td>153 seconds (153338 ms)</td>
</tr><tr>
<td>Included groups:</td><td></td>
</tr><tr>
<td>Excluded groups:</td><td></td>
</tr>
</table><p/>
<small><i>(Hover the method name to see the test class name)</i></small><p/>
<table width='100%' border='1' class='invocation-failed'>
<tr><td colspan='4' align='center'><b>FAILED TESTS</b></td></tr>
<tr><td><b>Test method</b></td>
<td width="30%"><b>Exception</b></td>
<td width="10%"><b>Time (seconds)</b></td>
<td><b>Instance</b></td>
</tr>
<tr>
<td title='Nautica.TestNauticaCommon.testMenSubcat()'><b>testMenSubcat</b><br>Test class: Nautica.TestNauticaCommon<br/>
<a href="#Output-1525870236" onClick='toggleBox("Output-1525870236", this, "Show output", "Hide output");'>Show output</a>

<a href="#Output-1525870236" onClick="toggleAllBoxes();">Show all outputs</a>
<div class='log' id="Output-1525870236">
Men Subcategories has: 17 'Subcategory' links   <br/>
Men Subcategories: Shirts<br/>
Men Subcategories: Polo Shirts<br/>
Men Subcategories: Sweaters<br/>
Men Subcategories: Pants<br/>
Men Subcategories: Shorts<br/>
Men Subcategories: Jeans<br/>
Men Subcategories: Sweatshirts & T-shirts<br/>
Men Subcategories: Swim<br/>
Men Subcategories: Underwear & Sleep<br/>
Men Subcategories: Suit Separates<br/>
Men Subcategories: Outerwear<br/>
Men Subcategories: Accessories<br/>
Men Subcategories: Watches<br/>
Men Subcategories: Luggage & Travel<br/>
Men Subcategories: Fragrance & Bodycare<br/>
Men Subcategories: Shoes<br/>
Men Subcategories: Sale<br/>
Men Subcategories has: 4 'Collections'<br/>
Men Subcategories include these 'Collections' : New Arrivals<br/>
Men Subcategories include these 'Collections' : Big & Tall<br/>
Men Subcategories include these 'Collections' : Holiday Gifts<br/>
Men Subcategories include these 'Collections' : Nautica Picks<br/>
Current page title is : Mens Polo Shirts | Mens Polos, Rugby Shirts & Golf Shirts | Nautica<br/>
Current browser: Chrome version 30 <br/>
Screenshot taken at 2013-Nov-15-8hr-51min-38 sec-116mls<br/>
<img src="file:////Users/igonzalez/Desktop/WORKING_WITH_ECLIPSE/Fluid//target/screenshots/2013-Nov-15-8hr-51min-38 sec-116mls.png" alt=""/><br/><br/>
There are 12 images  on the subcategory page<br/>
Current browser: Chrome version 30 <br/>
Screenshot taken at 2013-Nov-15-8hr-51min-38 sec-371mls<br/>
<img src="file:////Users/igonzalez/Desktop/WORKING_WITH_ECLIPSE/Fluid//target/screenshots/2013-Nov-15-8hr-51min-38 sec-371mls.png" alt=""/><br/><br/>
After clicking on the image on 'Subcategory' page  - page title is  Solid Performance Deck Polo Shirt - Nautica<br/>
After clicking on the image on 'Subcategory' page  - selected PID 
Item#
<span itemprop="productID">K41000</span>
<!-- <span itemprop="productID">K41000</span> -->
<br/>
The number of selected swatch colors on default PDP load: 1<br/>
Currently selected swatch color on PDP on defaul load: Coastline Turquoise<br/>
7 empty color swatch(es) displayed. <br/>
List of empty swatch colors on PDP: <br/>
Journey Blue<br/>
Compass Blue<br/>
Seaport Salmon<br/>
Dark Orchid<br/>
Bluefish<br/>
Lavendula<br/>
Orange Surf<br/>
Size chart link is visible on PDP- true.<br/>
Current browser: Chrome version 30 <br/>
Screenshot taken at 2013-Nov-15-8hr-51min-41 sec-9mls<br/>
<img src="file:////Users/igonzalez/Desktop/WORKING_WITH_ECLIPSE/Fluid//target/screenshots/2013-Nov-15-8hr-51min-41 sec-9mls.png" alt=""/><br/><br/>
 'Write a Review' link link is visible on PDP- true.<br/>
Current browser: Chrome version 30 <br/>
Screenshot taken at 2013-Nov-15-8hr-51min-41 sec-283mls<br/>
<img src="file:////Users/igonzalez/Desktop/WORKING_WITH_ECLIPSE/Fluid//target/screenshots/2013-Nov-15-8hr-51min-41 sec-283mls.png" alt=""/><br/><br/>
Available sizes on PDP: <br/>
<br/>
Small<br/>
Medium<br/>
Large<br/>
X-Large<br/>
XXL<br/>
Current browser: Chrome version 30 <br/>
Screenshot taken at 2013-Nov-15-8hr-51min-42 sec-51mls<br/>
<img src="file:////Users/igonzalez/Desktop/WORKING_WITH_ECLIPSE/Fluid//target/screenshots/2013-Nov-15-8hr-51min-42 sec-51mls.png" alt=""/><br/><br/>
Selected size on PDP : Medium -true<br/>
Current browser: Chrome version 30 <br/>
Screenshot taken at 2013-Nov-15-8hr-51min-42 sec-308mls<br/>
<img src="file:////Users/igonzalez/Desktop/WORKING_WITH_ECLIPSE/Fluid//target/screenshots/2013-Nov-15-8hr-51min-42 sec-308mls.png" alt=""/><br/><br/>
</div>
</td>
<td><div><pre>org.openqa.selenium.WebDriverException: unknown error: Element is not clickable at point (1172, 547). Other element would receive the click: &lt;div id=&quot;cloud-zoom-big&quot; class=&quot;cloud-zoom-big&quot; style=&quot;position: absolute; left: 0px; top: 0px; width: 386px; height: 550px; background-image: url(http://cdn.fluidretail.net/customers/c1500/K41000/K41000_pdp/zoom_variation_447_view_A_2192x2200.jpg); z-index: 99; background-position: -388px 0px;&quot;&gt;&lt;/div&gt;
  (Session info: chrome=31.0.1650.57)
  (Driver info: chromedriver=2.6.232908,platform=Mac OS X 10.7.5 x86_64) (WARNING: The server did not provide any stacktrace information)
Command duration or timeout: 22 milliseconds
Build info: version: &apos;2.37.0&apos;, revision: &apos;a7c61cb&apos;, time: &apos;2013-10-18 17:15:02&apos;
System info: host: &apos;N/A&apos;, ip: &apos;N/A&apos;, os.name: &apos;Mac OS X&apos;, os.arch: &apos;x86_64&apos;, os.version: &apos;10.7.5&apos;, java.version: &apos;1.7.0_25&apos;
Session ID: dd5ce383bf461e51cff7929ff365b760
Driver info: org.openqa.selenium.chrome.ChromeDriver
Capabilities [{platform=MAC, acceptSslCerts=true, javascriptEnabled=true, browserName=chrome, chrome={userDataDir=/var/folders/_2/pb85wgk175l660128q0hftvh0000gp/T/.org.chromium.Chromium.Jk03VU}, rotatable=false, locationContextEnabled=true, version=31.0.1650.57, takesHeapSnapshot=true, cssSelectorsEnabled=true, databaseEnabled=false, handlesAlerts=true, browserConnectionEnabled=false, webStorageEnabled=true, nativeEvents=true, applicationCacheEnabled=false, takesScreenshot=true}]
	at org.openqa.selenium.remote.ErrorHandler.createThrowable(ErrorHandler.java:193)
	at org.openqa.selenium.remote.ErrorHandler.throwIfResponseFailed(ErrorHandler.java:145)
	at org.openqa.selenium.remote.RemoteWebDriver.execute(RemoteWebDriver.java:554)
	at org.openqa.selenium.remote.RemoteWebElement.execute(RemoteWebElement.java:268)
	at org.openqa.selenium.remote.RemoteWebElement.click(RemoteWebElement.java:79)
	at Nautica.NauticaCommon.selectQuantityOnPDP(NauticaCommon.java:669)
	at Nautica.TestNauticaCommon.testMenSubcat(TestNauticaCommon.java:84)
... Removed 28 stack frames</pre></div><a href='#' onClick='toggleBox("stack-trace1525870236", this, "Click to show all stack frames", "Click to hide stack frames")'>Click to show all stack frames</a>
<div class='stack-trace' id='stack-trace1525870236'><pre>org.openqa.selenium.WebDriverException: unknown error: Element is not clickable at point (1172, 547). Other element would receive the click: &lt;div id=&quot;cloud-zoom-big&quot; class=&quot;cloud-zoom-big&quot; style=&quot;position: absolute; left: 0px; top: 0px; width: 386px; height: 550px; background-image: url(http://cdn.fluidretail.net/customers/c1500/K41000/K41000_pdp/zoom_variation_447_view_A_2192x2200.jpg); z-index: 99; background-position: -388px 0px;&quot;&gt;&lt;/div&gt;
  (Session info: chrome=31.0.1650.57)
  (Driver info: chromedriver=2.6.232908,platform=Mac OS X 10.7.5 x86_64) (WARNING: The server did not provide any stacktrace information)
Command duration or timeout: 22 milliseconds
Build info: version: &apos;2.37.0&apos;, revision: &apos;a7c61cb&apos;, time: &apos;2013-10-18 17:15:02&apos;
System info: host: &apos;N/A&apos;, ip: &apos;N/A&apos;, os.name: &apos;Mac OS X&apos;, os.arch: &apos;x86_64&apos;, os.version: &apos;10.7.5&apos;, java.version: &apos;1.7.0_25&apos;
Session ID: dd5ce383bf461e51cff7929ff365b760
Driver info: org.openqa.selenium.chrome.ChromeDriver
Capabilities [{platform=MAC, acceptSslCerts=true, javascriptEnabled=true, browserName=chrome, chrome={userDataDir=/var/folders/_2/pb85wgk175l660128q0hftvh0000gp/T/.org.chromium.Chromium.Jk03VU}, rotatable=false, locationContextEnabled=true, version=31.0.1650.57, takesHeapSnapshot=true, cssSelectorsEnabled=true, databaseEnabled=false, handlesAlerts=true, browserConnectionEnabled=false, webStorageEnabled=true, nativeEvents=true, applicationCacheEnabled=false, takesScreenshot=true}]
	at sun.reflect.NativeConstructorAccessorImpl.newInstance0(Native Method)
	at sun.reflect.NativeConstructorAccessorImpl.newInstance(NativeConstructorAccessorImpl.java:57)
	at sun.reflect.DelegatingConstructorAccessorImpl.newInstance(DelegatingConstructorAccessorImpl.java:45)
	at java.lang.reflect.Constructor.newInstance(Constructor.java:526)
	at org.openqa.selenium.remote.ErrorHandler.createThrowable(ErrorHandler.java:193)
	at org.openqa.selenium.remote.ErrorHandler.throwIfResponseFailed(ErrorHandler.java:145)
	at org.openqa.selenium.remote.RemoteWebDriver.execute(RemoteWebDriver.java:554)
	at org.openqa.selenium.remote.RemoteWebElement.execute(RemoteWebElement.java:268)
	at org.openqa.selenium.remote.RemoteWebElement.click(RemoteWebElement.java:79)
	at Nautica.NauticaCommon.selectQuantityOnPDP(NauticaCommon.java:669)
	at Nautica.TestNauticaCommon.testMenSubcat(TestNauticaCommon.java:84)
	at sun.reflect.NativeMethodAccessorImpl.invoke0(Native Method)
	at sun.reflect.NativeMethodAccessorImpl.invoke(NativeMethodAccessorImpl.java:57)
	at sun.reflect.DelegatingMethodAccessorImpl.invoke(DelegatingMethodAccessorImpl.java:43)
	at java.lang.reflect.Method.invoke(Method.java:606)
	at org.testng.internal.MethodInvocationHelper.invokeMethod(MethodInvocationHelper.java:84)
	at org.testng.internal.Invoker.invokeMethod(Invoker.java:714)
	at org.testng.internal.Invoker.invokeTestMethod(Invoker.java:901)
	at org.testng.internal.Invoker.invokeTestMethods(Invoker.java:1231)
	at org.testng.internal.TestMethodWorker.invokeTestMethods(TestMethodWorker.java:127)
	at org.testng.internal.TestMethodWorker.run(TestMethodWorker.java:111)
	at org.testng.TestRunner.privateRun(TestRunner.java:767)
	at org.testng.TestRunner.run(TestRunner.java:617)
	at org.testng.SuiteRunner.runTest(SuiteRunner.java:334)
	at org.testng.SuiteRunner.runSequentially(SuiteRunner.java:329)
	at org.testng.SuiteRunner.privateRun(SuiteRunner.java:291)
	at org.testng.SuiteRunner.run(SuiteRunner.java:240)
	at org.testng.SuiteRunnerWorker.runSuite(SuiteRunnerWorker.java:52)
	at org.testng.SuiteRunnerWorker.run(SuiteRunnerWorker.java:86)
	at org.testng.TestNG.runSuitesSequentially(TestNG.java:1224)
	at org.testng.TestNG.runSuitesLocally(TestNG.java:1149)
	at org.testng.TestNG.run(TestNG.java:1057)
	at org.testng.remote.RemoteTestNG.run(RemoteTestNG.java:111)
	at org.testng.remote.RemoteTestNG.initAndRun(RemoteTestNG.java:204)
	at org.testng.remote.RemoteTestNG.main(RemoteTestNG.java:175)
</pre></div></td>
<td>10</td>
<td>Nautica.TestNauticaCommon@2b4b2d2d</td></tr>
<tr>
<td title='Nautica.TestNauticaCommon.testSaleSubcat()'><b>testSaleSubcat</b><br>Test class: Nautica.TestNauticaCommon<br/>
<a href="#Output-188673" onClick='toggleBox("Output-188673", this, "Show output", "Hide output");'>Show output</a>

<a href="#Output-188673" onClick="toggleAllBoxes();">Show all outputs</a>
<div class='log' id="Output-188673">
Sale Subcategories has: 5 'Subcategory' links   <br/>
Sale Subcategories: <br/>
Sale Subcategories: <br/>
Sale Subcategories: <br/>
Sale Subcategories: <br/>
Sale Subcategories: <br/>
There are no 'Collections' in 'Sale' category<br/>
</div>
</td>
<td><div><pre>org.openqa.selenium.ElementNotVisibleException: Element is not currently visible and so may not be interacted with
Command duration or timeout: 7 milliseconds
Build info: version: &apos;2.37.0&apos;, revision: &apos;a7c61cb&apos;, time: &apos;2013-10-18 17:15:02&apos;
System info: host: &apos;N/A&apos;, ip: &apos;N/A&apos;, os.name: &apos;Mac OS X&apos;, os.arch: &apos;x86_64&apos;, os.version: &apos;10.7.5&apos;, java.version: &apos;1.7.0_25&apos;
Session ID: 025a3eab-63ec-d840-9d36-53049d898b98
Driver info: org.openqa.selenium.firefox.FirefoxDriver
Capabilities [{platform=MAC, databaseEnabled=true, cssSelectorsEnabled=true, javascriptEnabled=true, acceptSslCerts=true, handlesAlerts=true, browserName=firefox, browserConnectionEnabled=true, nativeEvents=false, webStorageEnabled=true, rotatable=false, locationContextEnabled=true, applicationCacheEnabled=true, takesScreenshot=true, version=24.0}]
	at org.openqa.selenium.remote.ErrorHandler.createThrowable(ErrorHandler.java:193)
	at org.openqa.selenium.remote.ErrorHandler.throwIfResponseFailed(ErrorHandler.java:145)
	at org.openqa.selenium.remote.RemoteWebDriver.execute(RemoteWebDriver.java:554)
	at org.openqa.selenium.remote.RemoteWebElement.execute(RemoteWebElement.java:268)
	at org.openqa.selenium.remote.RemoteWebElement.click(RemoteWebElement.java:79)
	at Nautica.NauticaCommon.saleSubcat(NauticaCommon.java:487)
	at Nautica.TestNauticaCommon.testSaleSubcat(TestNauticaCommon.java:149)
Caused by: org.openqa.selenium.remote.ErrorHandler$UnknownServerException: Element is not currently visible and so may not be interacted with
Build info: version: &apos;2.37.0&apos;, revision: &apos;a7c61cb&apos;, time: &apos;2013-10-18 17:15:02&apos;
System info: host: &apos;N/A&apos;, ip: &apos;N/A&apos;, os.name: &apos;Mac OS X&apos;, os.arch: &apos;x86_64&apos;, os.version: &apos;10.7.5&apos;, java.version: &apos;1.7.0_25&apos;
Driver info: driver.version: unknown
	at &lt;anonymous class&gt;.fxdriver.preconditions.visible(file:///var/folders/_2/pb85wgk175l660128q0hftvh0000gp/T/anonymous6074313860622096047webdriver-profile/extensions/fxdriver@googlecode.com/components/command_processor.js:8210)
	at &lt;anonymous class&gt;.DelayedCommand.prototype.checkPreconditions_(file:///var/folders/_2/pb85wgk175l660128q0hftvh0000gp/T/anonymous6074313860622096047webdriver-profile/extensions/fxdriver@googlecode.com/components/command_processor.js:10827)
	at &lt;anonymous class&gt;.DelayedCommand.prototype.executeInternal_/h(file:///var/folders/_2/pb85wgk175l660128q0hftvh0000gp/T/anonymous6074313860622096047webdriver-profile/extensions/fxdriver@googlecode.com/components/command_processor.js:10844)
	at &lt;anonymous class&gt;.DelayedCommand.prototype.executeInternal_(file:///var/folders/_2/pb85wgk175l660128q0hftvh0000gp/T/anonymous6074313860622096047webdriver-profile/extensions/fxdriver@googlecode.com/components/command_processor.js:10849)
	at &lt;anonymous class&gt;.DelayedCommand.prototype.execute/&lt;(file:///var/folders/_2/pb85wgk175l660128q0hftvh0000gp/T/anonymous6074313860622096047webdriver-profile/extensions/fxdriver@googlecode.com/components/command_processor.js:10791)
... Removed 28 stack frames</pre></div><a href='#' onClick='toggleBox("stack-trace188673", this, "Click to show all stack frames", "Click to hide stack frames")'>Click to show all stack frames</a>
<div class='stack-trace' id='stack-trace188673'><pre>org.openqa.selenium.ElementNotVisibleException: Element is not currently visible and so may not be interacted with
Command duration or timeout: 7 milliseconds
Build info: version: &apos;2.37.0&apos;, revision: &apos;a7c61cb&apos;, time: &apos;2013-10-18 17:15:02&apos;
System info: host: &apos;N/A&apos;, ip: &apos;N/A&apos;, os.name: &apos;Mac OS X&apos;, os.arch: &apos;x86_64&apos;, os.version: &apos;10.7.5&apos;, java.version: &apos;1.7.0_25&apos;
Session ID: 025a3eab-63ec-d840-9d36-53049d898b98
Driver info: org.openqa.selenium.firefox.FirefoxDriver
Capabilities [{platform=MAC, databaseEnabled=true, cssSelectorsEnabled=true, javascriptEnabled=true, acceptSslCerts=true, handlesAlerts=true, browserName=firefox, browserConnectionEnabled=true, nativeEvents=false, webStorageEnabled=true, rotatable=false, locationContextEnabled=true, applicationCacheEnabled=true, takesScreenshot=true, version=24.0}]
	at sun.reflect.NativeConstructorAccessorImpl.newInstance0(Native Method)
	at sun.reflect.NativeConstructorAccessorImpl.newInstance(NativeConstructorAccessorImpl.java:57)
	at sun.reflect.DelegatingConstructorAccessorImpl.newInstance(DelegatingConstructorAccessorImpl.java:45)
	at java.lang.reflect.Constructor.newInstance(Constructor.java:526)
	at org.openqa.selenium.remote.ErrorHandler.createThrowable(ErrorHandler.java:193)
	at org.openqa.selenium.remote.ErrorHandler.throwIfResponseFailed(ErrorHandler.java:145)
	at org.openqa.selenium.remote.RemoteWebDriver.execute(RemoteWebDriver.java:554)
	at org.openqa.selenium.remote.RemoteWebElement.execute(RemoteWebElement.java:268)
	at org.openqa.selenium.remote.RemoteWebElement.click(RemoteWebElement.java:79)
	at Nautica.NauticaCommon.saleSubcat(NauticaCommon.java:487)
	at Nautica.TestNauticaCommon.testSaleSubcat(TestNauticaCommon.java:149)
	at sun.reflect.NativeMethodAccessorImpl.invoke0(Native Method)
	at sun.reflect.NativeMethodAccessorImpl.invoke(NativeMethodAccessorImpl.java:57)
	at sun.reflect.DelegatingMethodAccessorImpl.invoke(DelegatingMethodAccessorImpl.java:43)
	at java.lang.reflect.Method.invoke(Method.java:606)
	at org.testng.internal.MethodInvocationHelper.invokeMethod(MethodInvocationHelper.java:84)
	at org.testng.internal.Invoker.invokeMethod(Invoker.java:714)
	at org.testng.internal.Invoker.invokeTestMethod(Invoker.java:901)
	at org.testng.internal.Invoker.invokeTestMethods(Invoker.java:1231)
	at org.testng.internal.TestMethodWorker.invokeTestMethods(TestMethodWorker.java:127)
	at org.testng.internal.TestMethodWorker.run(TestMethodWorker.java:111)
	at org.testng.TestRunner.privateRun(TestRunner.java:767)
	at org.testng.TestRunner.run(TestRunner.java:617)
	at org.testng.SuiteRunner.runTest(SuiteRunner.java:334)
	at org.testng.SuiteRunner.runSequentially(SuiteRunner.java:329)
	at org.testng.SuiteRunner.privateRun(SuiteRunner.java:291)
	at org.testng.SuiteRunner.run(SuiteRunner.java:240)
	at org.testng.SuiteRunnerWorker.runSuite(SuiteRunnerWorker.java:52)
	at org.testng.SuiteRunnerWorker.run(SuiteRunnerWorker.java:86)
	at org.testng.TestNG.runSuitesSequentially(TestNG.java:1224)
	at org.testng.TestNG.runSuitesLocally(TestNG.java:1149)
	at org.testng.TestNG.run(TestNG.java:1057)
	at org.testng.remote.RemoteTestNG.run(RemoteTestNG.java:111)
	at org.testng.remote.RemoteTestNG.initAndRun(RemoteTestNG.java:204)
	at org.testng.remote.RemoteTestNG.main(RemoteTestNG.java:175)
Caused by: org.openqa.selenium.remote.ErrorHandler$UnknownServerException: Element is not currently visible and so may not be interacted with
Build info: version: &apos;2.37.0&apos;, revision: &apos;a7c61cb&apos;, time: &apos;2013-10-18 17:15:02&apos;
System info: host: &apos;N/A&apos;, ip: &apos;N/A&apos;, os.name: &apos;Mac OS X&apos;, os.arch: &apos;x86_64&apos;, os.version: &apos;10.7.5&apos;, java.version: &apos;1.7.0_25&apos;
Driver info: driver.version: unknown
	at &lt;anonymous class&gt;.fxdriver.preconditions.visible(file:///var/folders/_2/pb85wgk175l660128q0hftvh0000gp/T/anonymous6074313860622096047webdriver-profile/extensions/fxdriver@googlecode.com/components/command_processor.js:8210)
	at &lt;anonymous class&gt;.DelayedCommand.prototype.checkPreconditions_(file:///var/folders/_2/pb85wgk175l660128q0hftvh0000gp/T/anonymous6074313860622096047webdriver-profile/extensions/fxdriver@googlecode.com/components/command_processor.js:10827)
	at &lt;anonymous class&gt;.DelayedCommand.prototype.executeInternal_/h(file:///var/folders/_2/pb85wgk175l660128q0hftvh0000gp/T/anonymous6074313860622096047webdriver-profile/extensions/fxdriver@googlecode.com/components/command_processor.js:10844)
	at &lt;anonymous class&gt;.DelayedCommand.prototype.executeInternal_(file:///var/folders/_2/pb85wgk175l660128q0hftvh0000gp/T/anonymous6074313860622096047webdriver-profile/extensions/fxdriver@googlecode.com/components/command_processor.js:10849)
	at &lt;anonymous class&gt;.DelayedCommand.prototype.execute/&lt;(file:///var/folders/_2/pb85wgk175l660128q0hftvh0000gp/T/anonymous6074313860622096047webdriver-profile/extensions/fxdriver@googlecode.com/components/command_processor.js:10791)
</pre></div></td>
<td>0</td>
<td>Nautica.TestNauticaCommon@2b4b2d2d</td></tr>
<tr>
<td title='Nautica.TestNauticaCommon.testWatchesSubcat()'><b>testWatchesSubcat</b><br>Test class: Nautica.TestNauticaCommon<br/>
<a href="#Output-1669476064" onClick='toggleBox("Output-1669476064", this, "Show output", "Hide output");'>Show output</a>

<a href="#Output-1669476064" onClick="toggleAllBoxes();">Show all outputs</a>
<div class='log' id="Output-1669476064">
Watches Subcategories has: 6 'Subcategory' links   <br/>
Watches Subcategories: Sport Strap<br/>
Watches Subcategories: Metal Bracelet<br/>
Watches Subcategories: Leather Band<br/>
Watches Subcategories: Box Sets<br/>
Watches Subcategories: Womens<br/>
Watches Subcategories: Sale<br/>
</div>
</td>
<td><div><pre>org.openqa.selenium.NoSuchElementException: Unable to locate element: {&quot;method&quot;:&quot;xpath&quot;,&quot;selector&quot;:&quot;.//*[@id=&apos;navigation-menu&apos;]/li[5]/div/div[2]/ul&quot;}
Command duration or timeout: 12 milliseconds
For documentation on this error, please visit: http://seleniumhq.org/exceptions/no_such_element.html
Build info: version: &apos;2.37.0&apos;, revision: &apos;a7c61cb&apos;, time: &apos;2013-10-18 17:15:02&apos;
System info: host: &apos;N/A&apos;, ip: &apos;N/A&apos;, os.name: &apos;Mac OS X&apos;, os.arch: &apos;x86_64&apos;, os.version: &apos;10.7.5&apos;, java.version: &apos;1.7.0_25&apos;
Session ID: 025a3eab-63ec-d840-9d36-53049d898b98
Driver info: org.openqa.selenium.firefox.FirefoxDriver
Capabilities [{platform=MAC, databaseEnabled=true, cssSelectorsEnabled=true, javascriptEnabled=true, acceptSslCerts=true, handlesAlerts=true, browserName=firefox, browserConnectionEnabled=true, nativeEvents=false, webStorageEnabled=true, rotatable=false, locationContextEnabled=true, applicationCacheEnabled=true, takesScreenshot=true, version=24.0}]
	at org.openqa.selenium.remote.ErrorHandler.createThrowable(ErrorHandler.java:193)
	at org.openqa.selenium.remote.ErrorHandler.throwIfResponseFailed(ErrorHandler.java:145)
	at org.openqa.selenium.remote.RemoteWebDriver.execute(RemoteWebDriver.java:554)
	at org.openqa.selenium.remote.RemoteWebDriver.findElement(RemoteWebDriver.java:307)
	at org.openqa.selenium.remote.RemoteWebDriver.findElementByXPath(RemoteWebDriver.java:404)
	at org.openqa.selenium.By$ByXPath.findElement(By.java:363)
	at org.openqa.selenium.remote.RemoteWebDriver.findElement(RemoteWebDriver.java:299)
	at Nautica.NauticaCommon.watchesSubcat(NauticaCommon.java:413)
	at Nautica.TestNauticaCommon.testWatchesSubcat(TestNauticaCommon.java:135)
Caused by: org.openqa.selenium.remote.ErrorHandler$UnknownServerException: Unable to locate element: {&quot;method&quot;:&quot;xpath&quot;,&quot;selector&quot;:&quot;.//*[@id=&apos;navigation-menu&apos;]/li[5]/div/div[2]/ul&quot;}
Build info: version: &apos;2.37.0&apos;, revision: &apos;a7c61cb&apos;, time: &apos;2013-10-18 17:15:02&apos;
System info: host: &apos;N/A&apos;, ip: &apos;N/A&apos;, os.name: &apos;Mac OS X&apos;, os.arch: &apos;x86_64&apos;, os.version: &apos;10.7.5&apos;, java.version: &apos;1.7.0_25&apos;
Driver info: driver.version: unknown
	at &lt;anonymous class&gt;.FirefoxDriver.prototype.findElementInternal_(file:///var/folders/_2/pb85wgk175l660128q0hftvh0000gp/T/anonymous6074313860622096047webdriver-profile/extensions/fxdriver@googlecode.com/components/driver_component.js:8891)
	at &lt;anonymous class&gt;.FirefoxDriver.prototype.findElement(file:///var/folders/_2/pb85wgk175l660128q0hftvh0000gp/T/anonymous6074313860622096047webdriver-profile/extensions/fxdriver@googlecode.com/components/driver_component.js:8900)
	at &lt;anonymous class&gt;.DelayedCommand.prototype.executeInternal_/h(file:///var/folders/_2/pb85wgk175l660128q0hftvh0000gp/T/anonymous6074313860622096047webdriver-profile/extensions/fxdriver@googlecode.com/components/command_processor.js:10844)
	at &lt;anonymous class&gt;.DelayedCommand.prototype.executeInternal_(file:///var/folders/_2/pb85wgk175l660128q0hftvh0000gp/T/anonymous6074313860622096047webdriver-profile/extensions/fxdriver@googlecode.com/components/command_processor.js:10849)
	at &lt;anonymous class&gt;.DelayedCommand.prototype.execute/&lt;(file:///var/folders/_2/pb85wgk175l660128q0hftvh0000gp/T/anonymous6074313860622096047webdriver-profile/extensions/fxdriver@googlecode.com/components/command_processor.js:10791)
... Removed 28 stack frames</pre></div><a href='#' onClick='toggleBox("stack-trace1669476064", this, "Click to show all stack frames", "Click to hide stack frames")'>Click to show all stack frames</a>
<div class='stack-trace' id='stack-trace1669476064'><pre>org.openqa.selenium.NoSuchElementException: Unable to locate element: {&quot;method&quot;:&quot;xpath&quot;,&quot;selector&quot;:&quot;.//*[@id=&apos;navigation-menu&apos;]/li[5]/div/div[2]/ul&quot;}
Command duration or timeout: 12 milliseconds
For documentation on this error, please visit: http://seleniumhq.org/exceptions/no_such_element.html
Build info: version: &apos;2.37.0&apos;, revision: &apos;a7c61cb&apos;, time: &apos;2013-10-18 17:15:02&apos;
System info: host: &apos;N/A&apos;, ip: &apos;N/A&apos;, os.name: &apos;Mac OS X&apos;, os.arch: &apos;x86_64&apos;, os.version: &apos;10.7.5&apos;, java.version: &apos;1.7.0_25&apos;
Session ID: 025a3eab-63ec-d840-9d36-53049d898b98
Driver info: org.openqa.selenium.firefox.FirefoxDriver
Capabilities [{platform=MAC, databaseEnabled=true, cssSelectorsEnabled=true, javascriptEnabled=true, acceptSslCerts=true, handlesAlerts=true, browserName=firefox, browserConnectionEnabled=true, nativeEvents=false, webStorageEnabled=true, rotatable=false, locationContextEnabled=true, applicationCacheEnabled=true, takesScreenshot=true, version=24.0}]
	at sun.reflect.NativeConstructorAccessorImpl.newInstance0(Native Method)
	at sun.reflect.NativeConstructorAccessorImpl.newInstance(NativeConstructorAccessorImpl.java:57)
	at sun.reflect.DelegatingConstructorAccessorImpl.newInstance(DelegatingConstructorAccessorImpl.java:45)
	at java.lang.reflect.Constructor.newInstance(Constructor.java:526)
	at org.openqa.selenium.remote.ErrorHandler.createThrowable(ErrorHandler.java:193)
	at org.openqa.selenium.remote.ErrorHandler.throwIfResponseFailed(ErrorHandler.java:145)
	at org.openqa.selenium.remote.RemoteWebDriver.execute(RemoteWebDriver.java:554)
	at org.openqa.selenium.remote.RemoteWebDriver.findElement(RemoteWebDriver.java:307)
	at org.openqa.selenium.remote.RemoteWebDriver.findElementByXPath(RemoteWebDriver.java:404)
	at org.openqa.selenium.By$ByXPath.findElement(By.java:363)
	at org.openqa.selenium.remote.RemoteWebDriver.findElement(RemoteWebDriver.java:299)
	at Nautica.NauticaCommon.watchesSubcat(NauticaCommon.java:413)
	at Nautica.TestNauticaCommon.testWatchesSubcat(TestNauticaCommon.java:135)
	at sun.reflect.NativeMethodAccessorImpl.invoke0(Native Method)
	at sun.reflect.NativeMethodAccessorImpl.invoke(NativeMethodAccessorImpl.java:57)
	at sun.reflect.DelegatingMethodAccessorImpl.invoke(DelegatingMethodAccessorImpl.java:43)
	at java.lang.reflect.Method.invoke(Method.java:606)
	at org.testng.internal.MethodInvocationHelper.invokeMethod(MethodInvocationHelper.java:84)
	at org.testng.internal.Invoker.invokeMethod(Invoker.java:714)
	at org.testng.internal.Invoker.invokeTestMethod(Invoker.java:901)
	at org.testng.internal.Invoker.invokeTestMethods(Invoker.java:1231)
	at org.testng.internal.TestMethodWorker.invokeTestMethods(TestMethodWorker.java:127)
	at org.testng.internal.TestMethodWorker.run(TestMethodWorker.java:111)
	at org.testng.TestRunner.privateRun(TestRunner.java:767)
	at org.testng.TestRunner.run(TestRunner.java:617)
	at org.testng.SuiteRunner.runTest(SuiteRunner.java:334)
	at org.testng.SuiteRunner.runSequentially(SuiteRunner.java:329)
	at org.testng.SuiteRunner.privateRun(SuiteRunner.java:291)
	at org.testng.SuiteRunner.run(SuiteRunner.java:240)
	at org.testng.SuiteRunnerWorker.runSuite(SuiteRunnerWorker.java:52)
	at org.testng.SuiteRunnerWorker.run(SuiteRunnerWorker.java:86)
	at org.testng.TestNG.runSuitesSequentially(TestNG.java:1224)
	at org.testng.TestNG.runSuitesLocally(TestNG.java:1149)
	at org.testng.TestNG.run(TestNG.java:1057)
	at org.testng.remote.RemoteTestNG.run(RemoteTestNG.java:111)
	at org.testng.remote.RemoteTestNG.initAndRun(RemoteTestNG.java:204)
	at org.testng.remote.RemoteTestNG.main(RemoteTestNG.java:175)
Caused by: org.openqa.selenium.remote.ErrorHandler$UnknownServerException: Unable to locate element: {&quot;method&quot;:&quot;xpath&quot;,&quot;selector&quot;:&quot;.//*[@id=&apos;navigation-menu&apos;]/li[5]/div/div[2]/ul&quot;}
Build info: version: &apos;2.37.0&apos;, revision: &apos;a7c61cb&apos;, time: &apos;2013-10-18 17:15:02&apos;
System info: host: &apos;N/A&apos;, ip: &apos;N/A&apos;, os.name: &apos;Mac OS X&apos;, os.arch: &apos;x86_64&apos;, os.version: &apos;10.7.5&apos;, java.version: &apos;1.7.0_25&apos;
Driver info: driver.version: unknown
	at &lt;anonymous class&gt;.FirefoxDriver.prototype.findElementInternal_(file:///var/folders/_2/pb85wgk175l660128q0hftvh0000gp/T/anonymous6074313860622096047webdriver-profile/extensions/fxdriver@googlecode.com/components/driver_component.js:8891)
	at &lt;anonymous class&gt;.FirefoxDriver.prototype.findElement(file:///var/folders/_2/pb85wgk175l660128q0hftvh0000gp/T/anonymous6074313860622096047webdriver-profile/extensions/fxdriver@googlecode.com/components/driver_component.js:8900)
	at &lt;anonymous class&gt;.DelayedCommand.prototype.executeInternal_/h(file:///var/folders/_2/pb85wgk175l660128q0hftvh0000gp/T/anonymous6074313860622096047webdriver-profile/extensions/fxdriver@googlecode.com/components/command_processor.js:10844)
	at &lt;anonymous class&gt;.DelayedCommand.prototype.executeInternal_(file:///var/folders/_2/pb85wgk175l660128q0hftvh0000gp/T/anonymous6074313860622096047webdriver-profile/extensions/fxdriver@googlecode.com/components/command_processor.js:10849)
	at &lt;anonymous class&gt;.DelayedCommand.prototype.execute/&lt;(file:///var/folders/_2/pb85wgk175l660128q0hftvh0000gp/T/anonymous6074313860622096047webdriver-profile/extensions/fxdriver@googlecode.com/components/command_processor.js:10791)
</pre></div></td>
<td>0</td>
<td>Nautica.TestNauticaCommon@2b4b2d2d</td></tr>
<tr>
<td title='Nautica.TestNauticaCommon.testWomenSubcat()'><b>testWomenSubcat</b><br>Test class: Nautica.TestNauticaCommon<br/>
<a href="#Output-759471207" onClick='toggleBox("Output-759471207", this, "Show output", "Hide output");'>Show output</a>

<a href="#Output-759471207" onClick="toggleAllBoxes();">Show all outputs</a>
<div class='log' id="Output-759471207">
Women Subcategories has: 11 'Subcategory' links   <br/>
Women Subcategories: Tops & Shirts<br/>
Women Subcategories: Sweaters<br/>
Women Subcategories: Dresses & Skirts<br/>
Women Subcategories: Pants<br/>
Women Subcategories: Loungewear & Fleece<br/>
Women Subcategories: Outerwear & Blazers<br/>
Women Subcategories: Jeans<br/>
Women Subcategories: Swim<br/>
Women Subcategories: Sleepwear<br/>
Women Subcategories: Watches & Accessories<br/>
Women Subcategories: Sale<br/>
Women Subcategories has: 3 'Collections'<br/>
Women Subcategories include these 'Collections' : New Arrivals<br/>
Women Subcategories include these 'Collections' : Jill Martin's Picks<br/>
Women Subcategories include these 'Collections' : Holiday Gifts<br/>
Current page title is : Nautica Logo Hoodie (2T-7) - Nautica<br/>
Current browser: Firefox version 24 <br/>
Screenshot taken at 2013-Nov-15-8hr-51min-57 sec-475mls<br/>
<img src="file:////Users/igonzalez/Desktop/WORKING_WITH_ECLIPSE/Fluid//target/screenshots/2013-Nov-15-8hr-51min-57 sec-475mls.png" alt=""/><br/><br/>
There are 0 images  on the subcategory page<br/>
Current browser: Firefox version 24 <br/>
Screenshot taken at 2013-Nov-15-8hr-51min-58 sec-105mls<br/>
<img src="file:////Users/igonzalez/Desktop/WORKING_WITH_ECLIPSE/Fluid//target/screenshots/2013-Nov-15-8hr-51min-58 sec-105mls.png" alt=""/><br/><br/>
</div>
</td>
<td><div><pre>java.lang.IndexOutOfBoundsException: Index: 4, Size: 0
	at java.util.ArrayList.rangeCheck(ArrayList.java:604)
	at java.util.ArrayList.get(ArrayList.java:382)
	at Nautica.NauticaCommon.subCategorySelected(NauticaCommon.java:503)
	at Nautica.TestNauticaCommon.testWomenSubcat(TestNauticaCommon.java:92)
... Removed 24 stack frames</pre></div><a href='#' onClick='toggleBox("stack-trace759471207", this, "Click to show all stack frames", "Click to hide stack frames")'>Click to show all stack frames</a>
<div class='stack-trace' id='stack-trace759471207'><pre>java.lang.IndexOutOfBoundsException: Index: 4, Size: 0
	at java.util.ArrayList.rangeCheck(ArrayList.java:604)
	at java.util.ArrayList.get(ArrayList.java:382)
	at Nautica.NauticaCommon.subCategorySelected(NauticaCommon.java:503)
	at Nautica.TestNauticaCommon.testWomenSubcat(TestNauticaCommon.java:92)
	at sun.reflect.NativeMethodAccessorImpl.invoke0(Native Method)
	at sun.reflect.NativeMethodAccessorImpl.invoke(NativeMethodAccessorImpl.java:57)
	at sun.reflect.DelegatingMethodAccessorImpl.invoke(DelegatingMethodAccessorImpl.java:43)
	at java.lang.reflect.Method.invoke(Method.java:606)
	at org.testng.internal.MethodInvocationHelper.invokeMethod(MethodInvocationHelper.java:84)
	at org.testng.internal.Invoker.invokeMethod(Invoker.java:714)
	at org.testng.internal.Invoker.invokeTestMethod(Invoker.java:901)
	at org.testng.internal.Invoker.invokeTestMethods(Invoker.java:1231)
	at org.testng.internal.TestMethodWorker.invokeTestMethods(TestMethodWorker.java:127)
	at org.testng.internal.TestMethodWorker.run(TestMethodWorker.java:111)
	at org.testng.TestRunner.privateRun(TestRunner.java:767)
	at org.testng.TestRunner.run(TestRunner.java:617)
	at org.testng.SuiteRunner.runTest(SuiteRunner.java:334)
	at org.testng.SuiteRunner.runSequentially(SuiteRunner.java:329)
	at org.testng.SuiteRunner.privateRun(SuiteRunner.java:291)
	at org.testng.SuiteRunner.run(SuiteRunner.java:240)
	at org.testng.SuiteRunnerWorker.runSuite(SuiteRunnerWorker.java:52)
	at org.testng.SuiteRunnerWorker.run(SuiteRunnerWorker.java:86)
	at org.testng.TestNG.runSuitesSequentially(TestNG.java:1224)
	at org.testng.TestNG.runSuitesLocally(TestNG.java:1149)
	at org.testng.TestNG.run(TestNG.java:1057)
	at org.testng.remote.RemoteTestNG.run(RemoteTestNG.java:111)
	at org.testng.remote.RemoteTestNG.initAndRun(RemoteTestNG.java:204)
	at org.testng.remote.RemoteTestNG.main(RemoteTestNG.java:175)
</pre></div></td>
<td>3</td>
<td>Nautica.TestNauticaCommon@2b4b2d2d</td></tr>
</table><p>
<table width='100%' border='1' class='invocation-passed'>
<tr><td colspan='4' align='center'><b>PASSED TESTS</b></td></tr>
<tr><td><b>Test method</b></td>
<td width="30%"><b>Exception</b></td>
<td width="10%"><b>Time (seconds)</b></td>
<td><b>Instance</b></td>
</tr>
<tr>
<td title='Nautica.TestNauticaCommon.testHomeSubcat()'><b>testHomeSubcat</b><br>Test class: Nautica.TestNauticaCommon<br/>
<a href="#Output-993093372" onClick='toggleBox("Output-993093372", this, "Show output", "Hide output");'>Show output</a>

<a href="#Output-993093372" onClick="toggleAllBoxes();">Show all outputs</a>
<div class='log' id="Output-993093372">
Home Subcategories has: 3 'Subcategory' links   <br/>
Home Subcategories: Bedding<br/>
Home Subcategories: Bath<br/>
Home Subcategories: Sale<br/>
Home Subcategories has: 13 'Collections'<br/>
Home Subcategories include these 'Collections' : Cali Coast<br/>
Home Subcategories include these 'Collections' : Beech Island<br/>
Home Subcategories include these 'Collections' : Greenport<br/>
Home Subcategories include these 'Collections' : Chilmark<br/>
Home Subcategories include these 'Collections' : Cyress Point<br/>
Home Subcategories include these 'Collections' : Harpswell<br/>
Home Subcategories include these 'Collections' : Prospect Harbor<br/>
Home Subcategories include these 'Collections' : Chatham<br/>
Home Subcategories include these 'Collections' : Aimsbury<br/>
Home Subcategories include these 'Collections' : Eden Glen<br/>
Home Subcategories include these 'Collections' : Sea View<br/>
Home Subcategories include these 'Collections' : Harber Hill<br/>
Home Subcategories include these 'Collections' : Winston<br/>
Current page title is : Bath<br/>
Current browser: Chrome version 30 <br/>
Screenshot taken at 2013-Nov-15-8hr-49min-48 sec-437mls<br/>
<img src="file:////Users/igonzalez/Desktop/WORKING_WITH_ECLIPSE/Fluid//target/screenshots/2013-Nov-15-8hr-49min-48 sec-437mls.png" alt=""/><br/><br/>
There are 12 images  on the subcategory page<br/>
Current browser: Chrome version 30 <br/>
Screenshot taken at 2013-Nov-15-8hr-49min-48 sec-688mls<br/>
<img src="file:////Users/igonzalez/Desktop/WORKING_WITH_ECLIPSE/Fluid//target/screenshots/2013-Nov-15-8hr-49min-48 sec-688mls.png" alt=""/><br/><br/>
After clicking on the image on 'Subcategory' page  - page title is  Monterey Soap Dish - Nautica<br/>
After clicking on the image on 'Subcategory' page  - selected PID 
Item#
<span itemprop="productID">185837</span>
<!-- <span itemprop="productID">3534450</span> -->
<br/>
The number of selected swatch colors on default PDP load: 1<br/>
Currently selected swatch color on PDP on defaul load: Wisp White<br/>
There are no empty color swatches on PDP<br/>
WARNING!: Size chart is not present on PDP. Current page title is Monterey Soap Dish - Nautica<br/>
Current browser: Chrome version 30 <br/>
Screenshot taken at 2013-Nov-15-8hr-50min-50 sec-631mls<br/>
<img src="file:////Users/igonzalez/Desktop/WORKING_WITH_ECLIPSE/Fluid//target/screenshots/2013-Nov-15-8hr-50min-50 sec-631mls.png" alt=""/><br/><br/>
 'Write a Review' link link is visible on PDP- true.<br/>
Current browser: Chrome version 30 <br/>
Screenshot taken at 2013-Nov-15-8hr-50min-50 sec-882mls<br/>
<img src="file:////Users/igonzalez/Desktop/WORKING_WITH_ECLIPSE/Fluid//target/screenshots/2013-Nov-15-8hr-50min-50 sec-882mls.png" alt=""/><br/><br/>
Available quantities on PDP: <br/>
1<br/>
2<br/>
3<br/>
4<br/>
5<br/>
6<br/>
Current browser: Chrome version 30 <br/>
Screenshot taken at 2013-Nov-15-8hr-50min-51 sec-278mls<br/>
<img src="file:////Users/igonzalez/Desktop/WORKING_WITH_ECLIPSE/Fluid//target/screenshots/2013-Nov-15-8hr-50min-51 sec-278mls.png" alt=""/><br/><br/>
On PDP selected quantity - <span class="select2-match"></span>
3<br/>
Current browser: Chrome version 30 <br/>
Screenshot taken at 2013-Nov-15-8hr-50min-51 sec-679mls<br/>
<img src="file:////Users/igonzalez/Desktop/WORKING_WITH_ECLIPSE/Fluid//target/screenshots/2013-Nov-15-8hr-50min-51 sec-679mls.png" alt=""/><br/><br/>
</div>
</td>
<td></td>
<td>68</td>
<td>Nautica.TestNauticaCommon@2b4b2d2d</td></tr>
<tr>
<td title='Nautica.TestNauticaCommon.testKidsSubcat()'><b>testKidsSubcat</b><br>Test class: Nautica.TestNauticaCommon<br/>
<a href="#Output-1287690091" onClick='toggleBox("Output-1287690091", this, "Show output", "Hide output");'>Show output</a>

<a href="#Output-1287690091" onClick="toggleAllBoxes();">Show all outputs</a>
<div class='log' id="Output-1287690091">
Kids Subcategories has: 3 'Subcategory' links   <br/>
Kids Subcategories: Boys<br/>
Kids Subcategories: Girls<br/>
Kids Subcategories: Sale<br/>
Kids Subcategories has: 2 'Collections'<br/>
Kids Subcategories include these 'Collections' : Boys New Arrivals<br/>
Kids Subcategories include these 'Collections' : Girls New Arrivals<br/>
Current page title is : Girls<br/>
Current browser: Chrome version 30 <br/>
Screenshot taken at 2013-Nov-15-8hr-50min-55 sec-529mls<br/>
<img src="file:////Users/igonzalez/Desktop/WORKING_WITH_ECLIPSE/Fluid//target/screenshots/2013-Nov-15-8hr-50min-55 sec-529mls.png" alt=""/><br/><br/>
There are 12 images  on the subcategory page<br/>
Current browser: Chrome version 30 <br/>
Screenshot taken at 2013-Nov-15-8hr-50min-55 sec-718mls<br/>
<img src="file:////Users/igonzalez/Desktop/WORKING_WITH_ECLIPSE/Fluid//target/screenshots/2013-Nov-15-8hr-50min-55 sec-718mls.png" alt=""/><br/><br/>
After clicking on the image on 'Subcategory' page  - page title is  White Cable Knit Sweater (2T-7) - Nautica<br/>
After clicking on the image on 'Subcategory' page  - selected PID 
Item#
<span itemprop="productID">43G05S</span>
<!-- <span itemprop="productID">43G05S</span> -->
<br/>
The number of selected swatch colors on default PDP load: 1<br/>
Currently selected swatch color on PDP on defaul load: Bright White<br/>
There are no empty color swatches on PDP<br/>
Size chart link is visible on PDP- true.<br/>
Current browser: Chrome version 30 <br/>
Screenshot taken at 2013-Nov-15-8hr-51min-27 sec-967mls<br/>
<img src="file:////Users/igonzalez/Desktop/WORKING_WITH_ECLIPSE/Fluid//target/screenshots/2013-Nov-15-8hr-51min-27 sec-967mls.png" alt=""/><br/><br/>
 'Write a Review' link link is visible on PDP- true.<br/>
Current browser: Chrome version 30 <br/>
Screenshot taken at 2013-Nov-15-8hr-51min-28 sec-262mls<br/>
<img src="file:////Users/igonzalez/Desktop/WORKING_WITH_ECLIPSE/Fluid//target/screenshots/2013-Nov-15-8hr-51min-28 sec-262mls.png" alt=""/><br/><br/>
Available sizes on PDP: <br/>
<br/>
2t<br/>
3t<br/>
4t<br/>
S(4)<br/>
M(5/6)<br/>
L(7)<br/>
Current browser: Chrome version 30 <br/>
Screenshot taken at 2013-Nov-15-8hr-51min-28 sec-800mls<br/>
<img src="file:////Users/igonzalez/Desktop/WORKING_WITH_ECLIPSE/Fluid//target/screenshots/2013-Nov-15-8hr-51min-28 sec-800mls.png" alt=""/><br/><br/>
Selected size on PDP : 3t -true<br/>
Current browser: Chrome version 30 <br/>
Screenshot taken at 2013-Nov-15-8hr-51min-29 sec-111mls<br/>
<img src="file:////Users/igonzalez/Desktop/WORKING_WITH_ECLIPSE/Fluid//target/screenshots/2013-Nov-15-8hr-51min-29 sec-111mls.png" alt=""/><br/><br/>
Available quantities on PDP: <br/>
1<br/>
2<br/>
3<br/>
4<br/>
5<br/>
6<br/>
Current browser: Chrome version 30 <br/>
Screenshot taken at 2013-Nov-15-8hr-51min-32 sec-558mls<br/>
<img src="file:////Users/igonzalez/Desktop/WORKING_WITH_ECLIPSE/Fluid//target/screenshots/2013-Nov-15-8hr-51min-32 sec-558mls.png" alt=""/><br/><br/>
On PDP selected quantity - <span class="select2-match"></span>
3<br/>
Current browser: Chrome version 30 <br/>
Screenshot taken at 2013-Nov-15-8hr-51min-33 sec-0mls<br/>
<img src="file:////Users/igonzalez/Desktop/WORKING_WITH_ECLIPSE/Fluid//target/screenshots/2013-Nov-15-8hr-51min-33 sec-0mls.png" alt=""/><br/><br/>
</div>
</td>
<td></td>
<td>41</td>
<td>Nautica.TestNauticaCommon@2b4b2d2d</td></tr>
<tr>
<td title='Nautica.TestNauticaCommon.testListAllSubcat()'><b>testListAllSubcat</b><br>Test class: Nautica.TestNauticaCommon<br/>
<a href="#Output-1381687833" onClick='toggleBox("Output-1381687833", this, "Show output", "Hide output");'>Show output</a>

<a href="#Output-1381687833" onClick="toggleAllBoxes();">Show all outputs</a>
<div class='log' id="Output-1381687833">
76 is the number of subcategories.<br/>
Subcategory #0 Shirts<br/>
Subcategory #1 Polo Shirts<br/>
Subcategory #2 Sweaters<br/>
Subcategory #3 Pants<br/>
Subcategory #4 Shorts<br/>
Subcategory #5 Jeans<br/>
Subcategory #6 Sweatshirts &amp; T-shirts<br/>
Subcategory #7 Swim<br/>
Subcategory #8 Underwear &amp; Sleep<br/>
Subcategory #9 Suit Separates<br/>
Subcategory #10 Outerwear<br/>
Subcategory #11 Accessories<br/>
Subcategory #12 Watches<br/>
Subcategory #13 Luggage &amp; Travel<br/>
Subcategory #14 Fragrance &amp; Bodycare<br/>
Subcategory #15 Shoes<br/>
Subcategory #16 Sale<br/>
Subcategory #17 New Arrivals<br/>
Subcategory #18 Big &amp; Tall<br/>
Subcategory #19 Holiday Gifts<br/>
Subcategory #20 Nautica Picks<br/>
Subcategory #21 Tops &amp; Shirts<br/>
Subcategory #22 Sweaters<br/>
Subcategory #23 Dresses &amp; Skirts<br/>
Subcategory #24 Pants<br/>
Subcategory #25 Loungewear &amp; Fleece<br/>
Subcategory #26 Outerwear &amp; Blazers<br/>
Subcategory #27 Jeans<br/>
Subcategory #28 Swim<br/>
Subcategory #29 Sleepwear<br/>
Subcategory #30 Watches &amp; Accessories<br/>
Subcategory #31 Sale<br/>
Subcategory #32 New Arrivals<br/>
Subcategory #33 Jill Martin's Picks<br/>
Subcategory #34 Holiday Gifts<br/>
Subcategory #35 Boys<br/>
Subcategory #36 Girls<br/>
Subcategory #37 Sale<br/>
Subcategory #38 Boys New Arrivals<br/>
Subcategory #39 Girls New Arrivals<br/>
Subcategory #40 Bedding<br/>
Subcategory #41 Bath<br/>
Subcategory #42 Sale<br/>
Subcategory #43 Cali Coast<br/>
Subcategory #44 Beech Island<br/>
Subcategory #45 Greenport<br/>
Subcategory #46 Chilmark<br/>
Subcategory #47 Cyress Point<br/>
Subcategory #48 Harpswell<br/>
Subcategory #49 Prospect Harbor<br/>
Subcategory #50 Chatham<br/>
Subcategory #51 Aimsbury<br/>
Subcategory #52 Eden Glen<br/>
Subcategory #53 Sea View<br/>
Subcategory #54 Harber Hill<br/>
Subcategory #55 Winston<br/>
Subcategory #56 Sport Strap<br/>
Subcategory #57 Metal Bracelet<br/>
Subcategory #58 Leather Band<br/>
Subcategory #59 Box Sets<br/>
Subcategory #60 Womens<br/>
Subcategory #61 Sale<br/>
Subcategory #62 Gifts for Men<br/>
Subcategory #63 Gifts for Women<br/>
Subcategory #64 Gifts for Boys<br/>
Subcategory #65 Gifts for Girls<br/>
Subcategory #66 Digital Accessories<br/>
Subcategory #67 Mens<br/>
Subcategory #68 Womens<br/>
Subcategory #69 Kids<br/>
Subcategory #70 Home<br/>
Subcategory #71 Watches<br/>
Subcategory #72 360? Blog<br/>
Subcategory #73 Ocean2Ocean<br/>
Subcategory #74 Nautica + charity:water<br/>
Subcategory #75 The Art Of the Sea<br/>
</div>
</td>
<td></td>
<td>1</td>
<td>Nautica.TestNauticaCommon@2b4b2d2d</td></tr>
<tr>
<td title='Nautica.TestNauticaCommon.testPDPswatch()'><b>testPDPswatch</b><br>Test class: Nautica.TestNauticaCommon<br/>
<a href="#Output-1607436604" onClick='toggleBox("Output-1607436604", this, "Show output", "Hide output");'>Show output</a>

<a href="#Output-1607436604" onClick="toggleAllBoxes();">Show all outputs</a>
<div class='log' id="Output-1607436604">
Page title: Nautica Logo Hoodie (2T-7) - Nautica<br/>
WARNING!0 color swatch(es)  selected on default PDP load<br/>
7 empty color swatch(es) displayed. <br/>
List of empty swatch colors on PDP: <br/>
Dark Spruce<br/>
Estate Blue<br/>
Bait Cast Blue<br/>
Cranberry<br/>
Blue<br/>
Flare Orange<br/>
Sea Salt<br/>
</div>
</td>
<td></td>
<td>8</td>
<td>Nautica.TestNauticaCommon@2b4b2d2d</td></tr>
</table><p>
</body>
</html>